<?xml version="1.0" encoding="UTF-8" ?>
<testsuite tests="24" failures="0" name="be.unamur.info.b314.compiler.main.B314ifinstructionSyntaxTest" time="0.169" errors="0" skipped="0">
  <properties>
    <property name="idea.version" value="2016.3.4"/>
    <property name="java.runtime.name" value="Java(TM) SE Runtime Environment"/>
    <property name="sun.boot.library.path" value="C:\Program Files\Java\jdk1.8.0_111\jre\bin"/>
    <property name="java.vm.version" value="25.111-b14"/>
    <property name="java.vm.vendor" value="Oracle Corporation"/>
    <property name="maven.multiModuleProjectDirectory" value="C:\Document\b314-Jour-HalfLife"/>
    <property name="java.vendor.url" value="http://java.oracle.com/"/>
    <property name="path.separator" value=";"/>
    <property name="guice.disable.misplaced.annotation.check" value="true"/>
    <property name="java.vm.name" value="Java HotSpot(TM) 64-Bit Server VM"/>
    <property name="file.encoding.pkg" value="sun.io"/>
    <property name="idea.launcher.port" value="7534"/>
    <property name="user.script" value=""/>
    <property name="user.country" value="BE"/>
    <property name="sun.java.launcher" value="SUN_STANDARD"/>
    <property name="sun.os.patch.level" value=""/>
    <property name="java.vm.specification.name" value="Java Virtual Machine Specification"/>
    <property name="user.dir" value="C:\Document\b314-Jour-HalfLife"/>
    <property name="java.runtime.version" value="1.8.0_111-b14"/>
    <property name="java.awt.graphicsenv" value="sun.awt.Win32GraphicsEnvironment"/>
    <property name="java.endorsed.dirs" value="C:\Program Files\Java\jdk1.8.0_111\jre\lib\endorsed"/>
    <property name="os.arch" value="amd64"/>
    <property name="java.io.tmpdir" value="C:\Users\bille\AppData\Local\Temp\"/>
    <property name="line.separator" value="
"/>
    <property name="java.vm.specification.vendor" value="Oracle Corporation"/>
    <property name="user.variant" value=""/>
    <property name="os.name" value="Windows 10"/>
    <property name="classworlds.conf" value="C:\Program Files (x86)\JetBrains\IntelliJ IDEA Community Edition 2016.3.4\plugins\maven\lib\maven3\bin\m2.conf"/>
    <property name="sun.jnu.encoding" value="Cp1252"/>
    <property name="java.library.path" value="C:\Program Files\Java\jdk1.8.0_111\bin;C:\WINDOWS\Sun\Java\bin;C:\WINDOWS\system32;C:\WINDOWS;C:\Program Files\Java\jdk1.8.0_111\bin;C:\Program Files\Haskell\bin;C:\Program Files\Haskell Platform\8.0.1\lib\extralibs\bin;C:\Program Files\Haskell Platform\8.0.1\bin;C:\ProgramData\Oracle\Java\javapath;C:\Program Files (x86)\Intel\iCLS Client\;C:\Program Files\Intel\iCLS Client\;C:\Windows\system32;C:\Windows;C:\Windows\System32\Wbem;C:\Windows\System32\WindowsPowerShell\v1.0\;C:\Program Files (x86)\Intel\Intel(R) Management Engine Components\DAL;C:\Program Files\Intel\Intel(R) Management Engine Components\DAL;C:\Program Files (x86)\Intel\Intel(R) Management Engine Components\IPT;C:\Program Files\Intel\Intel(R) Management Engine Components\IPT;C:\Program Files (x86)\NVIDIA Corporation\PhysX\Common;C:\Program Files\Haskell Platform\8.0.1\mingw\bin;C:\WINDOWS\system32;C:\WINDOWS;C:\WINDOWS\System32\Wbem;C:\WINDOWS\System32\WindowsPowerShell\v1.0\;D:\Git\cmd;C:\WINDOWS\system32\config\systemprofile\.dnx\bin;C:\Program Files\Microsoft DNX\Dnvm\;C:\Program Files\Microsoft SQL Server\120\Tools\Binn\;C:\Program Files\apache-maven-3.3.9\bin;C:\Program Files\MiKTeX 2.9\miktex\bin\x64\;D:\LINGO64_17\;C:\Users\bille\AppData\Roaming\cabal\bin;C:\Users\bille\AppData\Roaming\local\bin;C:\Users\bille\AppData\Local\Microsoft\WindowsApps;C:\Users\bille\AppData\Roaming\Dashlane\4.6.5.21982\bin\Firefox_Extension\{442718d9-475e-452a-b3e1-fb1ee16b8e9f}\components;C:\Users\bille\AppData\Roaming\Dashlane\4.6.6.23032\bin\Firefox_Extension\{442718d9-475e-452a-b3e1-fb1ee16b8e9f}\components;C:\Python33;%DASHLANE_DLL_DIR%;."/>
    <property name="java.specification.name" value="Java Platform API Specification"/>
    <property name="java.class.version" value="52.0"/>
    <property name="sun.management.compiler" value="HotSpot 64-Bit Tiered Compilers"/>
    <property name="os.version" value="10.0"/>
    <property name="user.home" value="C:\Users\bille"/>
    <property name="user.timezone" value="Europe/Paris"/>
    <property name="java.awt.printerjob" value="sun.awt.windows.WPrinterJob"/>
    <property name="java.specification.version" value="1.8"/>
    <property name="idea.launcher.bin.path" value="C:\Program Files (x86)\JetBrains\IntelliJ IDEA Community Edition 2016.3.4\bin"/>
    <property name="file.encoding" value="UTF-8"/>
    <property name="user.name" value="bille"/>
    <property name="java.class.path" value="C:\Program Files (x86)\JetBrains\IntelliJ IDEA Community Edition 2016.3.4\plugins\maven\lib\maven3\boot\plexus-classworlds-2.5.2.jar;C:\Program Files (x86)\JetBrains\IntelliJ IDEA Community Edition 2016.3.4\lib\idea_rt.jar"/>
    <property name="java.vm.specification.version" value="1.8"/>
    <property name="sun.arch.data.model" value="64"/>
    <property name="java.home" value="C:\Program Files\Java\jdk1.8.0_111\jre"/>
    <property name="sun.java.command" value="com.intellij.rt.execution.application.AppMain org.codehaus.classworlds.Launcher -Didea.version=2016.3.4 test"/>
    <property name="java.specification.vendor" value="Oracle Corporation"/>
    <property name="user.language" value="fr"/>
    <property name="awt.toolkit" value="sun.awt.windows.WToolkit"/>
    <property name="java.vm.info" value="mixed mode"/>
    <property name="java.version" value="1.8.0_111"/>
    <property name="java.ext.dirs" value="C:\Program Files\Java\jdk1.8.0_111\jre\lib\ext;C:\WINDOWS\Sun\Java\lib\ext"/>
    <property name="sun.boot.class.path" value="C:\Program Files\Java\jdk1.8.0_111\jre\lib\resources.jar;C:\Program Files\Java\jdk1.8.0_111\jre\lib\rt.jar;C:\Program Files\Java\jdk1.8.0_111\jre\lib\sunrsasign.jar;C:\Program Files\Java\jdk1.8.0_111\jre\lib\jsse.jar;C:\Program Files\Java\jdk1.8.0_111\jre\lib\jce.jar;C:\Program Files\Java\jdk1.8.0_111\jre\lib\charsets.jar;C:\Program Files\Java\jdk1.8.0_111\jre\lib\jfr.jar;C:\Program Files\Java\jdk1.8.0_111\jre\classes"/>
    <property name="java.vendor" value="Oracle Corporation"/>
    <property name="maven.home" value="C:\Program Files (x86)\JetBrains\IntelliJ IDEA Community Edition 2016.3.4\plugins\maven\lib\maven3"/>
    <property name="file.separator" value="\"/>
    <property name="java.vendor.url.bug" value="http://bugreport.sun.com/bugreport/"/>
    <property name="sun.cpu.endian" value="little"/>
    <property name="sun.io.unicode.encoding" value="UnicodeLittle"/>
    <property name="sun.desktop" value="windows"/>
    <property name="sun.cpu.isalist" value="amd64"/>
  </properties>
  <testcase classname="be.unamur.info.b314.compiler.main.B314ifinstructionSyntaxTest" name="testifinstruction_if_else_rightexpr_conditions_skip_ok" time="0"/>
  <testcase classname="be.unamur.info.b314.compiler.main.B314ifinstructionSyntaxTest" name="testifinstruction_if_else_wrong_type_condition_ko" time="0.016"/>
  <testcase classname="be.unamur.info.b314.compiler.main.B314ifinstructionSyntaxTest" name="testifinstruction_previous_series_and_if_else_ok" time="0"/>
  <testcase classname="be.unamur.info.b314.compiler.main.B314ifinstructionSyntaxTest" name="testifinstruction_if_rightexpr_conditions_skip_ok" time="0.015"/>
  <testcase classname="be.unamur.info.b314.compiler.main.B314ifinstructionSyntaxTest" name="testifinstruction_if_with_sub_if_wrong_type_condition_1_ko" time="0"/>
  <testcase classname="be.unamur.info.b314.compiler.main.B314ifinstructionSyntaxTest" name="testifinstruction_if_wrong_type_condition_1_ko" time="0.022"/>
  <testcase classname="be.unamur.info.b314.compiler.main.B314ifinstructionSyntaxTest" name="testifinstruction_if_wrong_type_condition_2_ko" time="0"/>
  <testcase classname="be.unamur.info.b314.compiler.main.B314ifinstructionSyntaxTest" name="testifinstruction_if_else_with_sub_compute_wrong_type_condition_ko" time="0"/>
  <testcase classname="be.unamur.info.b314.compiler.main.B314ifinstructionSyntaxTest" name="testifinstruction_if_else_with_sub_affect_wrong_type_condition_ko" time="0"/>
  <testcase classname="be.unamur.info.b314.compiler.main.B314ifinstructionSyntaxTest" name="testifinstruction_if_with_sub_affect_wrong_type_condition_1_ko" time="0.016"/>
  <testcase classname="be.unamur.info.b314.compiler.main.B314ifinstructionSyntaxTest" name="testifinstruction_previous_series_and_if_ok" time="0"/>
  <testcase classname="be.unamur.info.b314.compiler.main.B314ifinstructionSyntaxTest" name="testifinstruction_if_else_constant_conditions_skip_ok" time="0"/>
  <testcase classname="be.unamur.info.b314.compiler.main.B314ifinstructionSyntaxTest" name="testifinstruction_if_else_with_sub_ifs_ok" time="0"/>
  <testcase classname="be.unamur.info.b314.compiler.main.B314ifinstructionSyntaxTest" name="testifinstruction_if_constant_conditions_skip_ok" time="0"/>
  <testcase classname="be.unamur.info.b314.compiler.main.B314ifinstructionSyntaxTest" name="testifinstruction_check_global_var_value_is_preserved_ok" time="0.016"/>
  <testcase classname="be.unamur.info.b314.compiler.main.B314ifinstructionSyntaxTest" name="testifinstruction_if_else_with_sub_if_and_wrong_type_condition_ko" time="0.015"/>
  <testcase classname="be.unamur.info.b314.compiler.main.B314ifinstructionSyntaxTest" name="testifinstruction_if_else_wrong_type_condition_1_ko" time="0"/>
  <testcase classname="be.unamur.info.b314.compiler.main.B314ifinstructionSyntaxTest" name="testifinstruction_if_else_wrong_type_condition_2_ko" time="0"/>
  <testcase classname="be.unamur.info.b314.compiler.main.B314ifinstructionSyntaxTest" name="testifinstruction_if_multiple_instructions_ok" time="0"/>
  <testcase classname="be.unamur.info.b314.compiler.main.B314ifinstructionSyntaxTest" name="testifinstruction_if_with_sub_compute_wrong_type_condition_1_ko" time="0.016"/>
  <testcase classname="be.unamur.info.b314.compiler.main.B314ifinstructionSyntaxTest" name="testifinstruction_previous_series_and_if_with_sub_if_ok" time="0.022"/>
  <testcase classname="be.unamur.info.b314.compiler.main.B314ifinstructionSyntaxTest" name="testifinstruction_if_else_multiple_instructions_ok" time="0.016"/>
  <testcase classname="be.unamur.info.b314.compiler.main.B314ifinstructionSyntaxTest" name="testifinstruction_if_wrong_type_condition_ko" time="0.015"/>
  <testcase classname="be.unamur.info.b314.compiler.main.B314ifinstructionSyntaxTest" name="testifinstruction_previous_series_and_if_else_with_sub_if_else_ok" time="0"/>
</testsuite>